  [4;36;1mSQL (0.3ms)[0m   [0;1mSET NAMES 'utf8'[0m
  [4;35;1mSQL (0.3ms)[0m   [0mSET SQL_AUTO_IS_NULL=0[0m
  [4;36;1mSQL (0.5ms)[0m   [0;1mSHOW TABLES[0m
  [4;35;1mSQL (4.7ms)[0m   [0mSELECT version FROM schema_migrations[0m
Migrating to CreateForms (20200430045431)
  [4;36;1mSQL (23.5ms)[0m   [0;1mCREATE TABLE `forms` (`id` int(11) auto_increment PRIMARY KEY, `name` varchar(255), `description` text, `created_at` datetime, `updated_at` datetime) ENGINE=InnoDB[0m
  [4;35;1mSQL (4.5ms)[0m   [0mINSERT INTO schema_migrations (version) VALUES ('20200430045431')[0m
Migrating to CreateElements (20200430045540)
  [4;36;1mSQL (21.8ms)[0m   [0;1mCREATE TABLE `elements` (`id` int(11) auto_increment PRIMARY KEY, `name` varchar(255), `created_at` datetime, `updated_at` datetime) ENGINE=InnoDB[0m
  [4;35;1mSQL (2.4ms)[0m   [0mINSERT INTO schema_migrations (version) VALUES ('20200430045540')[0m
Migrating to CreateFormElements (20200430045702)
  [4;36;1mSQL (22.0ms)[0m   [0;1mCREATE TABLE `form_elements` (`id` int(11) auto_increment PRIMARY KEY, `form_id` int(11) NOT NULL, `element_id` int(11) NOT NULL, `condition` text, `onload` varchar(255), `created_at` datetime, `updated_at` datetime) ENGINE=InnoDB[0m
  [4;35;1mSQL (2.8ms)[0m   [0mINSERT INTO schema_migrations (version) VALUES ('20200430045702')[0m
Migrating to CreateFormDatas (20200430045724)
  [4;36;1mSQL (21.3ms)[0m   [0;1mCREATE TABLE `form_datas` (`id` int(11) auto_increment PRIMARY KEY, `form_id` int(11), `user_id` int(11), `form_value` text, `created_at` datetime, `updated_at` datetime) ENGINE=InnoDB[0m
  [4;35;1mSQL (1.3ms)[0m   [0mINSERT INTO schema_migrations (version) VALUES ('20200430045724')[0m
Migrating to CreateUsers (20200430045732)
  [4;36;1mSQL (20.7ms)[0m   [0;1mCREATE TABLE `users` (`id` int(11) auto_increment PRIMARY KEY, `name` varchar(255), `created_at` datetime, `updated_at` datetime) ENGINE=InnoDB[0m
  [4;35;1mSQL (3.3ms)[0m   [0mINSERT INTO schema_migrations (version) VALUES ('20200430045732')[0m
  [4;36;1mSQL (0.6ms)[0m   [0;1mSHOW TABLES[0m
  [4;35;1mSQL (0.4ms)[0m   [0mSELECT version FROM schema_migrations[0m
  [4;36;1mSQL (0.5ms)[0m   [0;1mSHOW TABLES[0m
  [4;35;1mSQL (1.0ms)[0m   [0mSHOW FIELDS FROM `elements`[0m
  [4;36;1mSQL (0.8ms)[0m   [0;1mdescribe `elements`[0m
  [4;35;1mSQL (0.5ms)[0m   [0mSHOW KEYS FROM `elements`[0m
  [4;36;1mSQL (3.1ms)[0m   [0;1mSHOW FIELDS FROM `exams`[0m
  [4;35;1mSQL (0.7ms)[0m   [0mdescribe `exams`[0m
  [4;36;1mSQL (0.5ms)[0m   [0;1mSHOW KEYS FROM `exams`[0m
  [4;35;1mSQL (0.9ms)[0m   [0mSHOW FIELDS FROM `form_datas`[0m
  [4;36;1mSQL (0.6ms)[0m   [0;1mdescribe `form_datas`[0m
  [4;35;1mSQL (0.4ms)[0m   [0mSHOW KEYS FROM `form_datas`[0m
  [4;36;1mSQL (1.0ms)[0m   [0;1mSHOW FIELDS FROM `form_elements`[0m
  [4;35;1mSQL (0.8ms)[0m   [0mdescribe `form_elements`[0m
  [4;36;1mSQL (0.5ms)[0m   [0;1mSHOW KEYS FROM `form_elements`[0m
  [4;35;1mSQL (1.2ms)[0m   [0mSHOW FIELDS FROM `forms`[0m
  [4;36;1mSQL (0.8ms)[0m   [0;1mdescribe `forms`[0m
  [4;35;1mSQL (0.9ms)[0m   [0mSHOW KEYS FROM `forms`[0m
  [4;36;1mSQL (2.9ms)[0m   [0;1mSHOW FIELDS FROM `score_cards`[0m
  [4;35;1mSQL (0.9ms)[0m   [0mdescribe `score_cards`[0m
  [4;36;1mSQL (0.5ms)[0m   [0;1mSHOW KEYS FROM `score_cards`[0m
  [4;35;1mSQL (2.8ms)[0m   [0mSHOW FIELDS FROM `student_subject_scores`[0m
  [4;36;1mSQL (0.6ms)[0m   [0;1mdescribe `student_subject_scores`[0m
  [4;35;1mSQL (0.4ms)[0m   [0mSHOW KEYS FROM `student_subject_scores`[0m
  [4;36;1mSQL (2.7ms)[0m   [0;1mSHOW FIELDS FROM `students`[0m
  [4;35;1mSQL (0.6ms)[0m   [0mdescribe `students`[0m
  [4;36;1mSQL (0.3ms)[0m   [0;1mSHOW KEYS FROM `students`[0m
  [4;35;1mSQL (3.0ms)[0m   [0mSHOW FIELDS FROM `subjects`[0m
  [4;36;1mSQL (0.6ms)[0m   [0;1mdescribe `subjects`[0m
  [4;35;1mSQL (0.4ms)[0m   [0mSHOW KEYS FROM `subjects`[0m
  [4;36;1mSQL (0.9ms)[0m   [0;1mSHOW FIELDS FROM `users`[0m
  [4;35;1mSQL (0.5ms)[0m   [0mdescribe `users`[0m
  [4;36;1mSQL (0.3ms)[0m   [0;1mSHOW KEYS FROM `users`[0m
  [4;36;1mSQL (0.5ms)[0m   [0;1mSET NAMES 'utf8'[0m
  [4;35;1mSQL (0.2ms)[0m   [0mSET SQL_AUTO_IS_NULL=0[0m
  [4;36;1mSQL (0.6ms)[0m   [0;1mSHOW TABLES[0m
  [4;35;1mSQL (0.4ms)[0m   [0mSELECT version FROM schema_migrations[0m
  [4;36;1mSQL (1.7ms)[0m   [0;1mSHOW TABLES[0m
  [4;35;1mSQL (0.4ms)[0m   [0mSELECT version FROM schema_migrations[0m
  [4;36;1mSQL (0.4ms)[0m   [0;1mSHOW TABLES[0m
  [4;35;1mSQL (0.3ms)[0m   [0mSELECT version FROM schema_migrations[0m
Migrating to CreateUsers (20200430045732)
  [4;36;1mSQL (13.2ms)[0m   [0;1mDROP TABLE `users`[0m
  [4;35;1mSQL (4.7ms)[0m   [0mDELETE FROM schema_migrations WHERE version = '20200430045732'[0m
Migrating to CreateFormDatas (20200430045724)
  [4;36;1mSQL (14.7ms)[0m   [0;1mDROP TABLE `form_datas`[0m
  [4;35;1mSQL (4.1ms)[0m   [0mDELETE FROM schema_migrations WHERE version = '20200430045724'[0m
  [4;36;1mSQL (0.4ms)[0m   [0;1mSHOW TABLES[0m
  [4;35;1mSQL (0.3ms)[0m   [0mSELECT version FROM schema_migrations[0m
  [4;36;1mSQL (0.3ms)[0m   [0;1mSHOW TABLES[0m
  [4;35;1mSQL (4.7ms)[0m   [0mSHOW FIELDS FROM `elements`[0m
  [4;36;1mSQL (1.5ms)[0m   [0;1mdescribe `elements`[0m
  [4;35;1mSQL (0.4ms)[0m   [0mSHOW KEYS FROM `elements`[0m
  [4;36;1mSQL (0.5ms)[0m   [0;1mSHOW FIELDS FROM `exams`[0m
  [4;35;1mSQL (0.4ms)[0m   [0mdescribe `exams`[0m
  [4;36;1mSQL (0.4ms)[0m   [0;1mSHOW KEYS FROM `exams`[0m
  [4;35;1mSQL (0.5ms)[0m   [0mSHOW FIELDS FROM `forms`[0m
  [4;36;1mSQL (0.4ms)[0m   [0;1mdescribe `forms`[0m
  [4;35;1mSQL (0.2ms)[0m   [0mSHOW KEYS FROM `forms`[0m
  [4;36;1mSQL (0.6ms)[0m   [0;1mSHOW FIELDS FROM `score_cards`[0m
  [4;35;1mSQL (1.6ms)[0m   [0mdescribe `score_cards`[0m
  [4;36;1mSQL (1.9ms)[0m   [0;1mSHOW KEYS FROM `score_cards`[0m
  [4;35;1mSQL (0.9ms)[0m   [0mSHOW FIELDS FROM `student_subject_scores`[0m
  [4;36;1mSQL (0.7ms)[0m   [0;1mdescribe `student_subject_scores`[0m
  [4;35;1mSQL (0.5ms)[0m   [0mSHOW KEYS FROM `student_subject_scores`[0m
  [4;36;1mSQL (0.8ms)[0m   [0;1mSHOW FIELDS FROM `students`[0m
  [4;35;1mSQL (0.7ms)[0m   [0mdescribe `students`[0m
  [4;36;1mSQL (0.5ms)[0m   [0;1mSHOW KEYS FROM `students`[0m
  [4;35;1mSQL (0.7ms)[0m   [0mSHOW FIELDS FROM `subjects`[0m
  [4;36;1mSQL (0.6ms)[0m   [0;1mdescribe `subjects`[0m
  [4;35;1mSQL (0.4ms)[0m   [0mSHOW KEYS FROM `subjects`[0m
